# JRE version: Java(TM) SE Runtime Environment (8.0_191-b12) (build 1.8.0_191-b12)
# Java VM: Java HotSpot(TM) 64-Bit Server VM (25.191-b12 mixed mode windows-amd64 compressed oops)
Heap:
 PSYoungGen      total 152576K, used 58604K [0x0000000716900000, 0x0000000721300000, 0x00000007c0000000)
  eden space 131072K, 44% used [0x0000000716900000,0x000000071a23b2f0,0x000000071e900000)
  from space 21504K, 0% used [0x000000071e900000,0x000000071e900000,0x000000071fe00000)
  to   space 21504K, 0% used [0x000000071fe00000,0x000000071fe00000,0x0000000721300000)
 ParOldGen       total 230400K, used 12483K [0x00000005c3a00000, 0x00000005d1b00000, 0x0000000716900000)
  object space 230400K, 5% used [0x00000005c3a00000,0x00000005c4630c68,0x00000005d1b00000)
 Metaspace       used 29753K, capacity 31714K, committed 31872K, reserved 1077248K
  class space    used 3829K, capacity 4097K, committed 4224K, reserved 1048576K
GC Heap History (4 events):
Event: 0.643 GC heap before
{Heap before GC invocations=1 (full 0):
 PSYoungGen      total 152576K, used 92888K [0x0000000716900000, 0x0000000721300000, 0x00000007c0000000)
  eden space 131072K, 70% used [0x0000000716900000,0x000000071c3b6108,0x000000071e900000)
  from space 21504K, 0% used [0x000000071fe00000,0x000000071fe00000,0x0000000721300000)
  to   space 21504K, 0% used [0x000000071e900000,0x000000071e900000,0x000000071fe00000)
 ParOldGen       total 348160K, used 0K [0x00000005c3a00000, 0x00000005d8e00000, 0x0000000716900000)
  object space 348160K, 0% used [0x00000005c3a00000,0x00000005c3a00000,0x00000005d8e00000)
 Metaspace       used 19996K, capacity 21188K, committed 21296K, reserved 1069056K
  class space    used 2407K, capacity 2643K, committed 2688K, reserved 1048576K
Event: 0.647 GC heap after
Heap after GC invocations=1 (full 0):
 PSYoungGen      total 152576K, used 13308K [0x0000000716900000, 0x0000000721300000, 0x00000007c0000000)
  eden space 131072K, 0% used [0x0000000716900000,0x0000000716900000,0x000000071e900000)
  from space 21504K, 61% used [0x000000071e900000,0x000000071f5ff210,0x000000071fe00000)
  to   space 21504K, 0% used [0x000000071fe00000,0x000000071fe00000,0x0000000721300000)
 ParOldGen       total 348160K, used 16K [0x00000005c3a00000, 0x00000005d8e00000, 0x0000000716900000)
  object space 348160K, 0% used [0x00000005c3a00000,0x00000005c3a04000,0x00000005d8e00000)
 Metaspace       used 19996K, capacity 21188K, committed 21296K, reserved 1069056K
  class space    used 2407K, capacity 2643K, committed 2688K, reserved 1048576K
}
Event: 0.647 GC heap before
{Heap before GC invocations=2 (full 1):
 PSYoungGen      total 152576K, used 13308K [0x0000000716900000, 0x0000000721300000, 0x00000007c0000000)
  eden space 131072K, 0% used [0x0000000716900000,0x0000000716900000,0x000000071e900000)
  from space 21504K, 61% used [0x000000071e900000,0x000000071f5ff210,0x000000071fe00000)
  to   space 21504K, 0% used [0x000000071fe00000,0x000000071fe00000,0x0000000721300000)
 ParOldGen       total 348160K, used 16K [0x00000005c3a00000, 0x00000005d8e00000, 0x0000000716900000)
  object space 348160K, 0% used [0x00000005c3a00000,0x00000005c3a04000,0x00000005d8e00000)
 Metaspace       used 19996K, capacity 21188K, committed 21296K, reserved 1069056K
  class space    used 2407K, capacity 2643K, committed 2688K, reserved 1048576K
Event: 0.656 GC heap after
Heap after GC invocations=2 (full 1):
 PSYoungGen      total 152576K, used 0K [0x0000000716900000, 0x0000000721300000, 0x00000007c0000000)
  eden space 131072K, 0% used [0x0000000716900000,0x0000000716900000,0x000000071e900000)
  from space 21504K, 0% used [0x000000071e900000,0x000000071e900000,0x000000071fe00000)
  to   space 21504K, 0% used [0x000000071fe00000,0x000000071fe00000,0x0000000721300000)
 ParOldGen       total 230400K, used 12483K [0x00000005c3a00000, 0x00000005d1b00000, 0x0000000716900000)
  object space 230400K, 5% used [0x00000005c3a00000,0x00000005c4630c68,0x00000005d1b00000)
 Metaspace       used 19996K, capacity 21188K, committed 21296K, reserved 1069056K
  class space    used 2407K, capacity 2643K, committed 2688K, reserved 1048576K
}

