# JRE version: Java(TM) SE Runtime Environment (8.0_191-b12) (build 1.8.0_191-b12)
# Java VM: Java HotSpot(TM) 64-Bit Server VM (25.191-b12 mixed mode windows-amd64 compressed oops)
Heap:
 PSYoungGen      total 154624K, used 7173K [0x0000000716900000, 0x0000000721180000, 0x00000007c0000000)
  eden space 134656K, 5% used [0x0000000716900000,0x0000000717001438,0x000000071ec80000)
  from space 19968K, 0% used [0x000000071fe00000,0x000000071fe00000,0x0000000721180000)
  to   space 17920K, 0% used [0x000000071ec80000,0x000000071ec80000,0x000000071fe00000)
 ParOldGen       total 230912K, used 15673K [0x00000005c3a00000, 0x00000005d1b80000, 0x0000000716900000)
  object space 230912K, 6% used [0x00000005c3a00000,0x00000005c494e758,0x00000005d1b80000)
 Metaspace       used 58116K, capacity 61566K, committed 61824K, reserved 1116160K
  class space    used 7880K, capacity 8196K, committed 8320K, reserved 1048576K
GC Heap History (10 events):
Event: 2.675 GC heap before
{Heap before GC invocations=23 (full 11):
 PSYoungGen      total 154624K, used 0K [0x0000000716900000, 0x0000000721300000, 0x00000007c0000000)
  eden space 133120K, 0% used [0x0000000716900000,0x0000000716900000,0x000000071eb00000)
  from space 21504K, 0% used [0x000000071fe00000,0x000000071fe00000,0x0000000721300000)
  to   space 19456K, 0% used [0x000000071eb00000,0x000000071eb00000,0x000000071fe00000)
 ParOldGen       total 230912K, used 15846K [0x00000005c3a00000, 0x00000005d1b80000, 0x0000000716900000)
  object space 230912K, 6% used [0x00000005c3a00000,0x00000005c4979be0,0x00000005d1b80000)
 Metaspace       used 56787K, capacity 60240K, committed 60288K, reserved 1116160K
  class space    used 7721K, capacity 8055K, committed 8064K, reserved 1048576K
Event: 2.690 GC heap after
Heap after GC invocations=23 (full 11):
 PSYoungGen      total 154624K, used 0K [0x0000000716900000, 0x0000000721300000, 0x00000007c0000000)
  eden space 133120K, 0% used [0x0000000716900000,0x0000000716900000,0x000000071eb00000)
  from space 21504K, 0% used [0x000000071fe00000,0x000000071fe00000,0x0000000721300000)
  to   space 19456K, 0% used [0x000000071eb00000,0x000000071eb00000,0x000000071fe00000)
 ParOldGen       total 230912K, used 15521K [0x00000005c3a00000, 0x00000005d1b80000, 0x0000000716900000)
  object space 230912K, 6% used [0x00000005c3a00000,0x00000005c49284d0,0x00000005d1b80000)
 Metaspace       used 56787K, capacity 60240K, committed 60288K, reserved 1112064K
  class space    used 7721K, capacity 8055K, committed 8064K, reserved 1048576K
}
Event: 2.690 GC heap before
{Heap before GC invocations=24 (full 11):
 PSYoungGen      total 154624K, used 0K [0x0000000716900000, 0x0000000721300000, 0x00000007c0000000)
  eden space 133120K, 0% used [0x0000000716900000,0x0000000716900000,0x000000071eb00000)
  from space 21504K, 0% used [0x000000071fe00000,0x000000071fe00000,0x0000000721300000)
  to   space 19456K, 0% used [0x000000071eb00000,0x000000071eb00000,0x000000071fe00000)
 ParOldGen       total 230912K, used 15521K [0x00000005c3a00000, 0x00000005d1b80000, 0x0000000716900000)
  object space 230912K, 6% used [0x00000005c3a00000,0x00000005c49284d0,0x00000005d1b80000)
 Metaspace       used 56787K, capacity 60240K, committed 60288K, reserved 1116160K
  class space    used 7721K, capacity 8055K, committed 8064K, reserved 1048576K
Event: 2.691 GC heap after
Heap after GC invocations=24 (full 11):
 PSYoungGen      total 152576K, used 0K [0x0000000716900000, 0x0000000721300000, 0x00000007c0000000)
  eden space 133120K, 0% used [0x0000000716900000,0x0000000716900000,0x000000071eb00000)
  from space 19456K, 0% used [0x000000071eb00000,0x000000071eb00000,0x000000071fe00000)
  to   space 21504K, 0% used [0x000000071fe00000,0x000000071fe00000,0x0000000721300000)
 ParOldGen       total 230912K, used 15521K [0x00000005c3a00000, 0x00000005d1b80000, 0x0000000716900000)
  object space 230912K, 6% used [0x00000005c3a00000,0x00000005c49284d0,0x00000005d1b80000)
 Metaspace       used 56787K, capacity 60240K, committed 60288K, reserved 1116160K
  class space    used 7721K, capacity 8055K, committed 8064K, reserved 1048576K
}
Event: 2.691 GC heap before
{Heap before GC invocations=25 (full 12):
 PSYoungGen      total 152576K, used 0K [0x0000000716900000, 0x0000000721300000, 0x00000007c0000000)
  eden space 133120K, 0% used [0x0000000716900000,0x0000000716900000,0x000000071eb00000)
  from space 19456K, 0% used [0x000000071eb00000,0x000000071eb00000,0x000000071fe00000)
  to   space 21504K, 0% used [0x000000071fe00000,0x000000071fe00000,0x0000000721300000)
 ParOldGen       total 230912K, used 15521K [0x00000005c3a00000, 0x00000005d1b80000, 0x0000000716900000)
  object space 230912K, 6% used [0x00000005c3a00000,0x00000005c49284d0,0x00000005d1b80000)
 Metaspace       used 56787K, capacity 60240K, committed 60288K, reserved 1116160K
  class space    used 7721K, capacity 8055K, committed 8064K, reserved 1048576K
Event: 2.737 GC heap after
Heap after GC invocations=25 (full 12):
 PSYoungGen      total 152576K, used 0K [0x0000000716900000, 0x0000000721300000, 0x00000007c0000000)
  eden space 133120K, 0% used [0x0000000716900000,0x0000000716900000,0x000000071eb00000)
  from space 19456K, 0% used [0x000000071eb00000,0x000000071eb00000,0x000000071fe00000)
  to   space 21504K, 0% used [0x000000071fe00000,0x000000071fe00000,0x0000000721300000)
 ParOldGen       total 230912K, used 14147K [0x00000005c3a00000, 0x00000005d1b80000, 0x0000000716900000)
  object space 230912K, 6% used [0x00000005c3a00000,0x00000005c47d0dc0,0x00000005d1b80000)
 Metaspace       used 56746K, capacity 60170K, committed 60288K, reserved 1112064K
  class space    used 7709K, capacity 8034K, committed 8064K, reserved 1048576K
}
Event: 2.770 GC heap before
{Heap before GC invocations=26 (full 12):
 PSYoungGen      total 152576K, used 10579K [0x0000000716900000, 0x0000000721300000, 0x00000007c0000000)
  eden space 133120K, 7% used [0x0000000716900000,0x0000000717354e58,0x000000071eb00000)
  from space 19456K, 0% used [0x000000071eb00000,0x000000071eb00000,0x000000071fe00000)
  to   space 21504K, 0% used [0x000000071fe00000,0x000000071fe00000,0x0000000721300000)
 ParOldGen       total 230912K, used 14147K [0x00000005c3a00000, 0x00000005d1b80000, 0x0000000716900000)
  object space 230912K, 6% used [0x00000005c3a00000,0x00000005c47d0dc0,0x00000005d1b80000)
 Metaspace       used 57650K, capacity 61086K, committed 61184K, reserved 1116160K
  class space    used 7832K, capacity 8164K, committed 8192K, reserved 1048576K
Event: 2.771 GC heap after
Heap after GC invocations=26 (full 12):
 PSYoungGen      total 154624K, used 1821K [0x0000000716900000, 0x0000000721180000, 0x00000007c0000000)
  eden space 134656K, 0% used [0x0000000716900000,0x0000000716900000,0x000000071ec80000)
  from space 19968K, 9% used [0x000000071fe00000,0x000000071ffc7698,0x0000000721180000)
  to   space 17920K, 0% used [0x000000071ec80000,0x000000071ec80000,0x000000071fe00000)
 ParOldGen       total 230912K, used 14155K [0x00000005c3a00000, 0x00000005d1b80000, 0x0000000716900000)
  object space 230912K, 6% used [0x00000005c3a00000,0x00000005c47d2dc0,0x00000005d1b80000)
 Metaspace       used 57650K, capacity 61086K, committed 61184K, reserved 1116160K
  class space    used 7832K, capacity 8164K, committed 8192K, reserved 1048576K
}
Event: 2.771 GC heap before
{Heap before GC invocations=27 (full 13):
 PSYoungGen      total 154624K, used 1821K [0x0000000716900000, 0x0000000721180000, 0x00000007c0000000)
  eden space 134656K, 0% used [0x0000000716900000,0x0000000716900000,0x000000071ec80000)
  from space 19968K, 9% used [0x000000071fe00000,0x000000071ffc7698,0x0000000721180000)
  to   space 17920K, 0% used [0x000000071ec80000,0x000000071ec80000,0x000000071fe00000)
 ParOldGen       total 230912K, used 14155K [0x00000005c3a00000, 0x00000005d1b80000, 0x0000000716900000)
  object space 230912K, 6% used [0x00000005c3a00000,0x00000005c47d2dc0,0x00000005d1b80000)
 Metaspace       used 57650K, capacity 61086K, committed 61184K, reserved 1116160K
  class space    used 7832K, capacity 8164K, committed 8192K, reserved 1048576K
Event: 2.797 GC heap after
Heap after GC invocations=27 (full 13):
 PSYoungGen      total 154624K, used 0K [0x0000000716900000, 0x0000000721180000, 0x00000007c0000000)
  eden space 134656K, 0% used [0x0000000716900000,0x0000000716900000,0x000000071ec80000)
  from space 19968K, 0% used [0x000000071fe00000,0x000000071fe00000,0x0000000721180000)
  to   space 17920K, 0% used [0x000000071ec80000,0x000000071ec80000,0x000000071fe00000)
 ParOldGen       total 230912K, used 15673K [0x00000005c3a00000, 0x00000005d1b80000, 0x0000000716900000)
  object space 230912K, 6% used [0x00000005c3a00000,0x00000005c494e758,0x00000005d1b80000)
 Metaspace       used 57650K, capacity 61086K, committed 61184K, reserved 1114112K
  class space    used 7832K, capacity 8164K, committed 8192K, reserved 1048576K
}

