# JRE version: Java(TM) SE Runtime Environment (8.0_191-b12) (build 1.8.0_191-b12)
# Java VM: Java HotSpot(TM) 64-Bit Server VM (25.191-b12 mixed mode windows-amd64 compressed oops)
Heap:
 PSYoungGen      total 229888K, used 114997K [0x0000000716900000, 0x0000000725f00000, 0x00000007c0000000)
  eden space 206848K, 55% used [0x0000000716900000,0x000000071d94d448,0x0000000723300000)
  from space 23040K, 0% used [0x0000000724880000,0x0000000724880000,0x0000000725f00000)
  to   space 22016K, 0% used [0x0000000723300000,0x0000000723300000,0x0000000724880000)
 ParOldGen       total 899584K, used 23065K [0x00000005c3a00000, 0x00000005fa880000, 0x0000000716900000)
  object space 899584K, 2% used [0x00000005c3a00000,0x00000005c5086530,0x00000005fa880000)
 Metaspace       used 77173K, capacity 82574K, committed 82944K, reserved 1122304K
  class space    used 10742K, capacity 11145K, committed 11264K, reserved 1048576K
GC Heap History (10 events):
Event: 2.128 GC heap before
{Heap before GC invocations=6 (full 2):
 PSYoungGen      total 152576K, used 23419K [0x0000000716900000, 0x0000000722d80000, 0x00000007c0000000)
  eden space 131072K, 7% used [0x0000000716900000,0x0000000717252758,0x000000071e900000)
  from space 21504K, 64% used [0x000000071e900000,0x000000071f68c6e8,0x000000071fe00000)
  to   space 21504K, 0% used [0x0000000721880000,0x0000000721880000,0x0000000722d80000)
 ParOldGen       total 457216K, used 11901K [0x00000005c3a00000, 0x00000005df880000, 0x0000000716900000)
  object space 457216K, 2% used [0x00000005c3a00000,0x00000005c459f5f0,0x00000005df880000)
 Metaspace       used 38948K, capacity 41530K, committed 41600K, reserved 1087488K
  class space    used 5334K, capacity 5621K, committed 5632K, reserved 1048576K
Event: 2.130 GC heap after
Heap after GC invocations=6 (full 2):
 PSYoungGen      total 179712K, used 5547K [0x0000000716900000, 0x0000000725080000, 0x00000007c0000000)
  eden space 158208K, 0% used [0x0000000716900000,0x0000000716900000,0x0000000720380000)
  from space 21504K, 25% used [0x0000000721880000,0x0000000721dead68,0x0000000722d80000)
  to   space 21504K, 0% used [0x0000000720380000,0x0000000720380000,0x0000000721880000)
 ParOldGen       total 457216K, used 11909K [0x00000005c3a00000, 0x00000005df880000, 0x0000000716900000)
  object space 457216K, 2% used [0x00000005c3a00000,0x00000005c45a15f0,0x00000005df880000)
 Metaspace       used 38948K, capacity 41530K, committed 41600K, reserved 1087488K
  class space    used 5334K, capacity 5621K, committed 5632K, reserved 1048576K
}
Event: 2.130 GC heap before
{Heap before GC invocations=7 (full 3):
 PSYoungGen      total 179712K, used 5547K [0x0000000716900000, 0x0000000725080000, 0x00000007c0000000)
  eden space 158208K, 0% used [0x0000000716900000,0x0000000716900000,0x0000000720380000)
  from space 21504K, 25% used [0x0000000721880000,0x0000000721dead68,0x0000000722d80000)
  to   space 21504K, 0% used [0x0000000720380000,0x0000000720380000,0x0000000721880000)
 ParOldGen       total 457216K, used 11909K [0x00000005c3a00000, 0x00000005df880000, 0x0000000716900000)
  object space 457216K, 2% used [0x00000005c3a00000,0x00000005c45a15f0,0x00000005df880000)
 Metaspace       used 38948K, capacity 41530K, committed 41600K, reserved 1087488K
  class space    used 5334K, capacity 5621K, committed 5632K, reserved 1048576K
Event: 2.171 GC heap after
Heap after GC invocations=7 (full 3):
 PSYoungGen      total 179712K, used 0K [0x0000000716900000, 0x0000000725080000, 0x00000007c0000000)
  eden space 158208K, 0% used [0x0000000716900000,0x0000000716900000,0x0000000720380000)
  from space 21504K, 0% used [0x0000000721880000,0x0000000721880000,0x0000000722d80000)
  to   space 21504K, 0% used [0x0000000720380000,0x0000000720380000,0x0000000721880000)
 ParOldGen       total 634368K, used 11423K [0x00000005c3a00000, 0x00000005ea580000, 0x0000000716900000)
  object space 634368K, 1% used [0x00000005c3a00000,0x00000005c4527fd8,0x00000005ea580000)
 Metaspace       used 38937K, capacity 41506K, committed 41600K, reserved 1087488K
  class space    used 5330K, capacity 5615K, committed 5632K, reserved 1048576K
}
Event: 2.997 GC heap before
{Heap before GC invocations=8 (full 3):
 PSYoungGen      total 179712K, used 158208K [0x0000000716900000, 0x0000000725080000, 0x00000007c0000000)
  eden space 158208K, 100% used [0x0000000716900000,0x0000000720380000,0x0000000720380000)
  from space 21504K, 0% used [0x0000000721880000,0x0000000721880000,0x0000000722d80000)
  to   space 21504K, 0% used [0x0000000720380000,0x0000000720380000,0x0000000721880000)
 ParOldGen       total 634368K, used 11423K [0x00000005c3a00000, 0x00000005ea580000, 0x0000000716900000)
  object space 634368K, 1% used [0x00000005c3a00000,0x00000005c4527fd8,0x00000005ea580000)
 Metaspace       used 59754K, capacity 63276K, committed 63488K, reserved 1105920K
  class space    used 8024K, capacity 8377K, committed 8448K, reserved 1048576K
Event: 3.004 GC heap after
Heap after GC invocations=8 (full 3):
 PSYoungGen      total 179712K, used 21475K [0x0000000716900000, 0x0000000725f00000, 0x00000007c0000000)
  eden space 158208K, 0% used [0x0000000716900000,0x0000000716900000,0x0000000720380000)
  from space 21504K, 99% used [0x0000000720380000,0x0000000721878f78,0x0000000721880000)
  to   space 23040K, 0% used [0x0000000724880000,0x0000000724880000,0x0000000725f00000)
 ParOldGen       total 634368K, used 12614K [0x00000005c3a00000, 0x00000005ea580000, 0x0000000716900000)
  object space 634368K, 1% used [0x00000005c3a00000,0x00000005c4651a18,0x00000005ea580000)
 Metaspace       used 59754K, capacity 63276K, committed 63488K, reserved 1105920K
  class space    used 8024K, capacity 8377K, committed 8448K, reserved 1048576K
}
Event: 3.186 GC heap before
{Heap before GC invocations=9 (full 3):
 PSYoungGen      total 179712K, used 85868K [0x0000000716900000, 0x0000000725f00000, 0x00000007c0000000)
  eden space 158208K, 40% used [0x0000000716900000,0x000000071a7e2198,0x0000000720380000)
  from space 21504K, 99% used [0x0000000720380000,0x0000000721878f78,0x0000000721880000)
  to   space 23040K, 0% used [0x0000000724880000,0x0000000724880000,0x0000000725f00000)
 ParOldGen       total 634368K, used 12614K [0x00000005c3a00000, 0x00000005ea580000, 0x0000000716900000)
  object space 634368K, 1% used [0x00000005c3a00000,0x00000005c4651a18,0x00000005ea580000)
 Metaspace       used 65569K, capacity 69172K, committed 69336K, reserved 1112064K
  class space    used 8898K, capacity 9235K, committed 9344K, reserved 1048576K
Event: 3.191 GC heap after
Heap after GC invocations=9 (full 3):
 PSYoungGen      total 229888K, used 13649K [0x0000000716900000, 0x0000000725f00000, 0x00000007c0000000)
  eden space 206848K, 0% used [0x0000000716900000,0x0000000716900000,0x0000000723300000)
  from space 23040K, 59% used [0x0000000724880000,0x00000007255d4540,0x0000000725f00000)
  to   space 22016K, 0% used [0x0000000723300000,0x0000000723300000,0x0000000724880000)
 ParOldGen       total 634368K, used 12622K [0x00000005c3a00000, 0x00000005ea580000, 0x0000000716900000)
  object space 634368K, 1% used [0x00000005c3a00000,0x00000005c4653a18,0x00000005ea580000)
 Metaspace       used 65569K, capacity 69172K, committed 69336K, reserved 1112064K
  class space    used 8898K, capacity 9235K, committed 9344K, reserved 1048576K
}
Event: 3.191 GC heap before
{Heap before GC invocations=10 (full 4):
 PSYoungGen      total 229888K, used 13649K [0x0000000716900000, 0x0000000725f00000, 0x00000007c0000000)
  eden space 206848K, 0% used [0x0000000716900000,0x0000000716900000,0x0000000723300000)
  from space 23040K, 59% used [0x0000000724880000,0x00000007255d4540,0x0000000725f00000)
  to   space 22016K, 0% used [0x0000000723300000,0x0000000723300000,0x0000000724880000)
 ParOldGen       total 634368K, used 12622K [0x00000005c3a00000, 0x00000005ea580000, 0x0000000716900000)
  object space 634368K, 1% used [0x00000005c3a00000,0x00000005c4653a18,0x00000005ea580000)
 Metaspace       used 65569K, capacity 69172K, committed 69336K, reserved 1112064K
  class space    used 8898K, capacity 9235K, committed 9344K, reserved 1048576K
Event: 3.226 GC heap after
Heap after GC invocations=10 (full 4):
 PSYoungGen      total 229888K, used 0K [0x0000000716900000, 0x0000000725f00000, 0x00000007c0000000)
  eden space 206848K, 0% used [0x0000000716900000,0x0000000716900000,0x0000000723300000)
  from space 23040K, 0% used [0x0000000724880000,0x0000000724880000,0x0000000725f00000)
  to   space 22016K, 0% used [0x0000000723300000,0x0000000723300000,0x0000000724880000)
 ParOldGen       total 899584K, used 23065K [0x00000005c3a00000, 0x00000005fa880000, 0x0000000716900000)
  object space 899584K, 2% used [0x00000005c3a00000,0x00000005c5086530,0x00000005fa880000)
 Metaspace       used 65569K, capacity 69172K, committed 69336K, reserved 1112064K
  class space    used 8898K, capacity 9235K, committed 9344K, reserved 1048576K
}

