# JRE version: Java(TM) SE Runtime Environment (8.0_191-b12) (build 1.8.0_191-b12)
# Java VM: Java HotSpot(TM) 64-Bit Server VM (25.191-b12 mixed mode windows-amd64 compressed oops)
Heap:
 PSYoungGen      total 311808K, used 104228K [0x0000000716900000, 0x000000072b680000, 0x00000007c0000000)
  eden space 292352K, 35% used [0x0000000716900000,0x000000071cec9218,0x0000000728680000)
  from space 19456K, 0% used [0x000000072a380000,0x000000072a380000,0x000000072b680000)
  to   space 24576K, 0% used [0x0000000728680000,0x0000000728680000,0x0000000729e80000)
 ParOldGen       total 765952K, used 29567K [0x00000005c3a00000, 0x00000005f2600000, 0x0000000716900000)
  object space 765952K, 3% used [0x00000005c3a00000,0x00000005c56dfea8,0x00000005f2600000)
 Metaspace       used 95499K, capacity 106342K, committed 106712K, reserved 1140736K
  class space    used 13825K, capacity 14692K, committed 14808K, reserved 1048576K
GC Heap History (10 events):
Event: 3.607 GC heap before
{Heap before GC invocations=9 (full 3):
 PSYoungGen      total 189440K, used 189353K [0x0000000716900000, 0x0000000725e80000, 0x00000007c0000000)
  eden space 167936K, 100% used [0x0000000716900000,0x0000000720d00000,0x0000000720d00000)
  from space 21504K, 99% used [0x0000000720d00000,0x00000007221ea7a8,0x0000000722200000)
  to   space 22528K, 0% used [0x0000000724880000,0x0000000724880000,0x0000000725e80000)
 ParOldGen       total 581120K, used 18688K [0x00000005c3a00000, 0x00000005e7180000, 0x0000000716900000)
  object space 581120K, 3% used [0x00000005c3a00000,0x00000005c4c40360,0x00000005e7180000)
 Metaspace       used 88632K, capacity 96308K, committed 96600K, reserved 1132544K
  class space    used 12546K, capacity 13079K, committed 13144K, reserved 1048576K
Event: 3.614 GC heap after
Heap after GC invocations=9 (full 3):
 PSYoungGen      total 226304K, used 21335K [0x0000000716900000, 0x0000000726480000, 0x00000007c0000000)
  eden space 203776K, 0% used [0x0000000716900000,0x0000000716900000,0x0000000723000000)
  from space 22528K, 94% used [0x0000000724880000,0x0000000725d55ec0,0x0000000725e80000)
  to   space 25088K, 0% used [0x0000000723000000,0x0000000723000000,0x0000000724880000)
 ParOldGen       total 581120K, used 18704K [0x00000005c3a00000, 0x00000005e7180000, 0x0000000716900000)
  object space 581120K, 3% used [0x00000005c3a00000,0x00000005c4c44360,0x00000005e7180000)
 Metaspace       used 88632K, capacity 96308K, committed 96600K, reserved 1132544K
  class space    used 12546K, capacity 13079K, committed 13144K, reserved 1048576K
}
Event: 3.657 GC heap before
{Heap before GC invocations=10 (full 3):
 PSYoungGen      total 226304K, used 34157K [0x0000000716900000, 0x0000000726480000, 0x00000007c0000000)
  eden space 203776K, 6% used [0x0000000716900000,0x0000000717585878,0x0000000723000000)
  from space 22528K, 94% used [0x0000000724880000,0x0000000725d55ec0,0x0000000725e80000)
  to   space 25088K, 0% used [0x0000000723000000,0x0000000723000000,0x0000000724880000)
 ParOldGen       total 581120K, used 18704K [0x00000005c3a00000, 0x00000005e7180000, 0x0000000716900000)
  object space 581120K, 3% used [0x00000005c3a00000,0x00000005c4c44360,0x00000005e7180000)
 Metaspace       used 90373K, capacity 98440K, committed 98496K, reserved 1134592K
  class space    used 12804K, capacity 13346K, committed 13400K, reserved 1048576K
Event: 3.660 GC heap after
Heap after GC invocations=10 (full 3):
 PSYoungGen      total 228864K, used 12158K [0x0000000716900000, 0x000000072bb80000, 0x00000007c0000000)
  eden space 203776K, 0% used [0x0000000716900000,0x0000000716900000,0x0000000723000000)
  from space 25088K, 48% used [0x0000000723000000,0x0000000723bdf898,0x0000000724880000)
  to   space 24576K, 0% used [0x000000072a380000,0x000000072a380000,0x000000072bb80000)
 ParOldGen       total 581120K, used 18712K [0x00000005c3a00000, 0x00000005e7180000, 0x0000000716900000)
  object space 581120K, 3% used [0x00000005c3a00000,0x00000005c4c46360,0x00000005e7180000)
 Metaspace       used 90373K, capacity 98440K, committed 98496K, reserved 1134592K
  class space    used 12804K, capacity 13346K, committed 13400K, reserved 1048576K
}
Event: 3.660 GC heap before
{Heap before GC invocations=11 (full 4):
 PSYoungGen      total 228864K, used 12158K [0x0000000716900000, 0x000000072bb80000, 0x00000007c0000000)
  eden space 203776K, 0% used [0x0000000716900000,0x0000000716900000,0x0000000723000000)
  from space 25088K, 48% used [0x0000000723000000,0x0000000723bdf898,0x0000000724880000)
  to   space 24576K, 0% used [0x000000072a380000,0x000000072a380000,0x000000072bb80000)
 ParOldGen       total 581120K, used 18712K [0x00000005c3a00000, 0x00000005e7180000, 0x0000000716900000)
  object space 581120K, 3% used [0x00000005c3a00000,0x00000005c4c46360,0x00000005e7180000)
 Metaspace       used 90373K, capacity 98440K, committed 98496K, reserved 1134592K
  class space    used 12804K, capacity 13346K, committed 13400K, reserved 1048576K
Event: 3.689 GC heap after
Heap after GC invocations=11 (full 4):
 PSYoungGen      total 228864K, used 0K [0x0000000716900000, 0x000000072bb80000, 0x00000007c0000000)
  eden space 203776K, 0% used [0x0000000716900000,0x0000000716900000,0x0000000723000000)
  from space 25088K, 0% used [0x0000000723000000,0x0000000723000000,0x0000000724880000)
  to   space 24576K, 0% used [0x000000072a380000,0x000000072a380000,0x000000072bb80000)
 ParOldGen       total 765952K, used 26545K [0x00000005c3a00000, 0x00000005f2600000, 0x0000000716900000)
  object space 765952K, 3% used [0x00000005c3a00000,0x00000005c53ec7d0,0x00000005f2600000)
 Metaspace       used 90373K, capacity 98440K, committed 98496K, reserved 1134592K
  class space    used 12804K, capacity 13346K, committed 13400K, reserved 1048576K
}
Event: 3.905 GC heap before
{Heap before GC invocations=12 (full 4):
 PSYoungGen      total 228864K, used 156495K [0x0000000716900000, 0x000000072bb80000, 0x00000007c0000000)
  eden space 203776K, 76% used [0x0000000716900000,0x00000007201d3e98,0x0000000723000000)
  from space 25088K, 0% used [0x0000000723000000,0x0000000723000000,0x0000000724880000)
  to   space 24576K, 0% used [0x000000072a380000,0x000000072a380000,0x000000072bb80000)
 ParOldGen       total 765952K, used 26545K [0x00000005c3a00000, 0x00000005f2600000, 0x0000000716900000)
  object space 765952K, 3% used [0x00000005c3a00000,0x00000005c53ec7d0,0x00000005f2600000)
 Metaspace       used 94190K, capacity 104520K, committed 104536K, reserved 1142784K
  class space    used 13609K, capacity 14409K, committed 14424K, reserved 1048576K
Event: 3.908 GC heap after
Heap after GC invocations=12 (full 4):
 PSYoungGen      total 311808K, used 9008K [0x0000000716900000, 0x000000072b680000, 0x00000007c0000000)
  eden space 292352K, 0% used [0x0000000716900000,0x0000000716900000,0x0000000728680000)
  from space 19456K, 46% used [0x000000072a380000,0x000000072ac4c3d8,0x000000072b680000)
  to   space 24576K, 0% used [0x0000000728680000,0x0000000728680000,0x0000000729e80000)
 ParOldGen       total 765952K, used 26553K [0x00000005c3a00000, 0x00000005f2600000, 0x0000000716900000)
  object space 765952K, 3% used [0x00000005c3a00000,0x00000005c53ee7d0,0x00000005f2600000)
 Metaspace       used 94190K, capacity 104520K, committed 104536K, reserved 1142784K
  class space    used 13609K, capacity 14409K, committed 14424K, reserved 1048576K
}
Event: 3.908 GC heap before
{Heap before GC invocations=13 (full 5):
 PSYoungGen      total 311808K, used 9008K [0x0000000716900000, 0x000000072b680000, 0x00000007c0000000)
  eden space 292352K, 0% used [0x0000000716900000,0x0000000716900000,0x0000000728680000)
  from space 19456K, 46% used [0x000000072a380000,0x000000072ac4c3d8,0x000000072b680000)
  to   space 24576K, 0% used [0x0000000728680000,0x0000000728680000,0x0000000729e80000)
 ParOldGen       total 765952K, used 26553K [0x00000005c3a00000, 0x00000005f2600000, 0x0000000716900000)
  object space 765952K, 3% used [0x00000005c3a00000,0x00000005c53ee7d0,0x00000005f2600000)
 Metaspace       used 94190K, capacity 104520K, committed 104536K, reserved 1142784K
  class space    used 13609K, capacity 14409K, committed 14424K, reserved 1048576K
Event: 4.031 GC heap after
Heap after GC invocations=13 (full 5):
 PSYoungGen      total 311808K, used 0K [0x0000000716900000, 0x000000072b680000, 0x00000007c0000000)
  eden space 292352K, 0% used [0x0000000716900000,0x0000000716900000,0x0000000728680000)
  from space 19456K, 0% used [0x000000072a380000,0x000000072a380000,0x000000072b680000)
  to   space 24576K, 0% used [0x0000000728680000,0x0000000728680000,0x0000000729e80000)
 ParOldGen       total 765952K, used 29567K [0x00000005c3a00000, 0x00000005f2600000, 0x0000000716900000)
  object space 765952K, 3% used [0x00000005c3a00000,0x00000005c56dfea8,0x00000005f2600000)
 Metaspace       used 94190K, capacity 104520K, committed 104536K, reserved 1140736K
  class space    used 13609K, capacity 14409K, committed 14424K, reserved 1048576K
}

